# JRE version: OpenJDK Runtime Environment JBR-11.0.15.10-2043.56-jcef (11.0.15+10) (build 11.0.15+10-b2043.56)
# Java VM: OpenJDK 64-Bit Server VM JBR-11.0.15.10-2043.56-jcef (11.0.15+10-b2043.56, mixed mode, tiered, compressed oops, g1 gc, windows-amd64)
Heap:
 garbage-first heap   total 131072K, used 9590K [0x00000000d1200000, 0x0000000100000000)
  region size 1024K, 5 young (5120K), 0 survivors (0K)
 Metaspace       used 18287K, capacity 18961K, committed 19328K, reserved 1067008K
  class space    used 1837K, capacity 2063K, committed 2176K, reserved 1048576K
GC Heap History (6 events):
Event: 1.751 GC heap before
{Heap before GC invocations=0 (full 0):
 garbage-first heap   total 131072K, used 13312K [0x00000000d1200000, 0x0000000100000000)
  region size 1024K, 14 young (14336K), 0 survivors (0K)
 Metaspace       used 11886K, capacity 12434K, committed 12544K, reserved 1060864K
  class space    used 1233K, capacity 1443K, committed 1536K, reserved 1048576K
}
Event: 1.756 GC heap after
{Heap after GC invocations=1 (full 0):
 garbage-first heap   total 131072K, used 3597K [0x00000000d1200000, 0x0000000100000000)
  region size 1024K, 2 young (2048K), 2 survivors (2048K)
 Metaspace       used 11886K, capacity 12434K, committed 12544K, reserved 1060864K
  class space    used 1233K, capacity 1443K, committed 1536K, reserved 1048576K
}
Event: 2.551 GC heap before
{Heap before GC invocations=1 (full 0):
 garbage-first heap   total 131072K, used 12813K [0x00000000d1200000, 0x0000000100000000)
  region size 1024K, 11 young (11264K), 2 survivors (2048K)
 Metaspace       used 16371K, capacity 16987K, committed 17024K, reserved 1064960K
  class space    used 1704K, capacity 1918K, committed 1920K, reserved 1048576K
}
Event: 2.557 GC heap after
{Heap after GC invocations=2 (full 0):
 garbage-first heap   total 131072K, used 5146K [0x00000000d1200000, 0x0000000100000000)
  region size 1024K, 2 young (2048K), 2 survivors (2048K)
 Metaspace       used 16371K, capacity 16987K, committed 17024K, reserved 1064960K
  class space    used 1704K, capacity 1918K, committed 1920K, reserved 1048576K
}
Event: 3602.574 GC heap before
{Heap before GC invocations=2 (full 0):
 garbage-first heap   total 131072K, used 30746K [0x00000000d1200000, 0x0000000100000000)
  region size 1024K, 28 young (28672K), 2 survivors (2048K)
 Metaspace       used 18287K, capacity 18961K, committed 19328K, reserved 1067008K
  class space    used 1837K, capacity 2063K, committed 2176K, reserved 1048576K
}
Event: 3602.638 GC heap after
{Heap after GC invocations=3 (full 1):
 garbage-first heap   total 131072K, used 5494K [0x00000000d1200000, 0x0000000100000000)
  region size 1024K, 0 young (0K), 0 survivors (0K)
 Metaspace       used 18287K, capacity 18961K, committed 19328K, reserved 1067008K
  class space    used 1837K, capacity 2063K, committed 2176K, reserved 1048576K
}

